
// File generated by darts version U-2022.12#3eec2545bc#230622, Mon May 20 18:20:41 2024
// Copyright 2014-2022 Synopsys, Inc. All rights reserved.
// darts -I/tools/Xilinx/Vitis/2023.2/aietools/data/aie_ml/lib -d -h -I/tools/Xilinx/Vitis/2023.2/aietools/include -I/tools/Xilinx/Vitis/2023.2/aietools/data/aie_ml/lib/runtime_cxx/libcxx-lite/include -I/tools/Xilinx/Vitis/2023.2/aietools/data/aie_ml/lib/runtime_cxx/libs/libcxx-9.0.0/include-lite -I/tools/Xilinx/Vitis/2023.2/aietools/data/aie_ml/lib/runtime/include -I<BOOST_DIR> -D__AIENGINE__ -D__AIE_ARCH__=20 -D__AIEARCH__=20 -DINT8_ACT -D__tct_tgt__=230622 -L +Ihex +nanno scale.o me

// Release: ipp U-2022.12-TGT-230622
.undef global data _ZN12me_primitive11control_satE

.undef global data _ZN12me_primitive11control_rndE

.text_segment_name
.text global 16 vector_scalar_mul_aie_scalar
.function_start
	     0    0x10 0x02 0x01 0x19                                                                                                                                                        MOVX r1, #0
	     4    0x10 0x42 0x09 0x99                                                                                                                                                        GE r1, r1, r0
	     8    0x08 0x00 0x50 0x40 0x01 0x95                                                                                                                                              JNZ r1, #TGT_Fvector_scalar_mul_aie_scalar_160
.delay_slot
	    14    0x10 0x00 0x10 0x19                                                                                                                                                        EVENT #0
.delay_slot
.swstall delay_slot
	    18    0x00 0x01                                                                        NOPX
.delay_slot
.swstall delay_slot
	    20    0x00 0x01                                                                        NOPX
.delay_slot
.swstall delay_slot
	    22    0x00 0x01                                                                        NOPX
.delay_slot
.swstall delay_slot
	    24    0x00 0x01                                                                        NOPX
	    26    0x1d 0x70 0x16 0x59                                                                                                                                                                                      MOV lc, r0
	    30    0x00 0x00 0x00 0xe0 0x60 0x55                                                                                                                                              MOVXM ls, #(ZLS_Fvector_scalar_mul_aie_scalar_48 + 0)
	    36    0x00 0x00 0x00 0x00 0x00 0x00 0x00 0x02 0x38 0x48 0x10 0xb7                      NOPA;                         NOPB;                                                       MOVXM le, #(ZLE_Fvector_scalar_mul_aie_scalar_144 + 0)
.label ZLS_Fvector_scalar_mul_aie_scalar_48
.loop_nesting 1
.begin_of_loop
	    48    0x00 0x03 0x82 0x59                                                              LDA r1, [p0], #4
	    52    0x02 0x02 0x84 0x59                                                              LDA r2, [p2, #0]
	    56    0x00 0x01                                                                        NOPX
	    58    0x00 0x01                                                                        NOPX
	    60    0x00 0x00 0x00 0x19                                                              NOPA
	    64    0x00 0x00 0x00 0x00 0x00 0x00 0x00 0x00 0x00 0x00 0x00 0x03 0x88 0x00 0x03 0xc0  NOPA;                         NOPB;                         NOPS;                         NOPX;                         NOPM;                                   NOPV
	    80    0x00 0x00 0x00 0x00 0x00 0x00 0x00 0x00 0x00 0x00 0x00 0x03 0x88 0x00 0x03 0xc0  NOPA;                         NOPB;                         NOPS;                         NOPX;                         NOPM;                                   NOPV
	    96    0x00 0x00 0x00 0x00 0x00 0x00 0x00 0x00 0x00 0x00 0x00 0x03 0x88 0x00 0x03 0xc0  NOPA;                         NOPB;                         NOPS;                         NOPX;                         NOPM;                                   NOPV
	   112    0x00 0x00 0x00 0x00 0x00 0x00 0x00 0x02 0x31 0x7c 0x00 0x03 0x88 0x00 0x03 0xc0  NOPA;                         NOPB;                         NOPS;                         MUL r3, r1, r2;               NOPM;                                   NOPV
	   128    0x00 0x00 0x00 0x00 0x00 0x00 0x00 0x00 0x00 0x00 0x00 0x03 0x88 0x00 0x03 0xc0  NOPA;                         NOPB;                         NOPS;                         NOPX;                         NOPM;                                   NOPV
.label ZLE_Fvector_scalar_mul_aie_scalar_144
.end_of_loop
	   144    0x00 0x00 0x00 0x00 0x01 0x03 0x86 0x00 0x00 0x00 0x00 0x03 0x88 0x00 0x03 0xc0  NOPA;                         NOPB;                         ST r3, [p1], #4;              NOPX;                         NOPM;                                   NOPV
.label TGT_Fvector_scalar_mul_aie_scalar_160
.loop_nesting 0
	   160    0x10 0x00 0x18 0x19                                                                                                                                                        RET lr
.delay_slot
	   164    0x12 0x00 0x10 0x19                                                                                                                                                        EVENT #1
.delay_slot
.swstall delay_slot
	   168    0x00 0x01                                                                        NOPX
.delay_slot
.swstall delay_slot
	   170    0x00 0x01                                                                        NOPX
.delay_slot
.swstall delay_slot
	   172    0x00 0x01                                                                        NOPX
.label vector_scalar_mul_aie_scalar__end last
.delay_slot
.swstall delay_slot
	   174    0x00 0x01                                                                        NOPX



.direct_eval +,-,(,)
